Streaming transaction logs mentioning Fc4GhUpsp7J9sGR8b94q1Hm6gZuqGvzRD345M7yNybHR. Confirmed commitment
Transaction executed in slot 450419194:
  Signature: 5htReoBJB7gUu2cAXpy9rEjUqyvr2SjBw8m8eZCAnDXS8HTyjYJbQtyobmWQX7b7dbgpAHrDyy1zqGahwbey1WDX
  Status: Ok
  Log Messages:
    Program Fc4GhUpsp7J9sGR8b94q1Hm6gZuqGvzRD345M7yNybHR invoke [1]
    Program log: Instruction: InitializeMxe
    Program 11111111111111111111111111111111 invoke [2]
    Program 11111111111111111111111111111111 success
    Program Fc4GhUpsp7J9sGR8b94q1Hm6gZuqGvzRD345M7yNybHR consumed 9685 of 200000 compute units
    Program Fc4GhUpsp7J9sGR8b94q1Hm6gZuqGvzRD345M7yNybHR success
Transaction executed in slot 450419195:
  Signature: 4YhMAYVNBLmesmHA6sAEnBHVE2b5NTVqhg7Wc58JLVFQZStvA2R6s9cLRDjeHrSaiSACRuV1DzARmbAzYG77jUw9
  Status: Ok
  Log Messages:
    Program Fc4GhUpsp7J9sGR8b94q1Hm6gZuqGvzRD345M7yNybHR invoke [1]
    Program log: Instruction: SubmitOrder
    Program 11111111111111111111111111111111 invoke [2]
    Program 11111111111111111111111111111111 success
    Program data: 6gnD1haHLvgBAAAAAAAAACQqcLhQ97XDmIbFVoD+3pM3xStX01W1HTzpyTk9PDm00BjNqoI77+Zemd3w+0b2XxwZMHThJa6MnaLDbU8f0bYgAAAABwcHBwcHBwcHBwcHBwcHBwcHBwcHBwcHBwcHBwcHBwc=
    Program Fc4GhUpsp7J9sGR8b94q1Hm6gZuqGvzRD345M7yNybHR consumed 11934 of 200000 compute units
    Program Fc4GhUpsp7J9sGR8b94q1Hm6gZuqGvzRD345M7yNybHR success
Transaction executed in slot 450419196:
  Signature: 4YhMAYVNBLmesmHA6sAEnBHVE2b5NTVqhg7Wc58JLVFQZStvA2R6s9cLRDjeHrSaiSACRuV1DzARmbAzYG77jUw9
  Status: Ok
  Log Messages:
    Program Fc4GhUpsp7J9sGR8b94q1Hm6gZuqGvzRD345M7yNybHR invoke [1]
    Program log: Instruction: SubmitOrder
    Program 11111111111111111111111111111111 invoke [2]
    Program 11111111111111111111111111111111 success
    Program data: 6gnD1haHLvgBAAAAAAAAACQqcLhQ97XDmIbFVoD+3pM3xStX01W1HTzpyTk9PDm00BjNqoI77+Zemd3w+0b2XxwZMHThJa6MnaLDbU8f0bYgAAAABwcHBwcHBwcHBwcHBwcHBwcHBwcHBwcHBwcHBwcHBwc=
    Program Fc4GhUpsp7J9sGR8b94q1Hm6gZuqGvzRD345M7yNybHR consumed 11934 of 200000 compute units
    Program Fc4GhUpsp7J9sGR8b94q1Hm6gZuqGvzRD345M7yNybHR success
